<?xml version="1.0" encoding="UTF-8"?>
<testsuite name="com.thoughtworks.ArrayPractice3Test" tests="3" skipped="0" failures="0" errors="0" timestamp="2020-02-03T13:18:39" hostname="INDIX-PC" time="0.016">
  <properties/>
  <testcase name="should_filter_zero_successful_with_array_not_includes_zero()" classname="com.thoughtworks.ArrayPractice3Test" time="0.002"/>
  <testcase name="should_filter_zero_successful_with_empty_array()" classname="com.thoughtworks.ArrayPractice3Test" time="0.005"/>
  <testcase name="should_filter_zero_successful()" classname="com.thoughtworks.ArrayPractice3Test" time="0.001"/>
  <system-out><![CDATA[]]></system-out>
  <system-err><![CDATA[]]></system-err>
</testsuite>
