<?xml version="1.0" encoding="UTF-8"?>
<testsuite name="com.thoughtworks.ArrayPractice2Test" tests="1" skipped="0" failures="0" errors="0" timestamp="2020-02-03T13:18:39" hostname="INDIX-PC" time="0.002">
  <properties/>
  <testcase name="should_return_int_array_correctly()" classname="com.thoughtworks.ArrayPractice2Test" time="0.002"/>
  <system-out><![CDATA[]]></system-out>
  <system-err><![CDATA[]]></system-err>
</testsuite>
